<?xml version="1.0" encoding="UTF-8"?>
<mule xmlns:xsi="http://www.w3.org/2001/XMLSchema-instance"
      xmlns:file="http://www.mulesoft.org/schema/mule/transport/file"
      xmlns:transports="http://www.mulesoft.org/schema/mule/transports"
      xmlns="http://www.mulesoft.org/schema/mule/core"
      xsi:schemaLocation="http://www.mulesoft.org/schema/mule/core http://www.mulesoft.org/schema/mule/core/current/mule.xsd
       http://www.mulesoft.org/schema/mule/transport/file http://www.mulesoft.org/schema/mule/transport/file/current/mule-transport-file.xsd
       http://www.mulesoft.org/schema/mule/transports http://www.mulesoft.org/schema/mule/transports/current/mule-transports.xsd">

    <file:connector name="fileConnector1"/>

    <file:connector name="fileConnector2">
        <transports:service-overrides
                outboundTransformer="org.mule.runtime.core.transformer.simple.SerializableToByteArray"
                inboundTransformer="org.mule.runtime.core.transformer.simple.ByteArrayToSerializable"/>
    </file:connector>

    <file:connector name="fileConnector3"/>
</mule>
        
