<?xml version="1.0" encoding="UTF-8"?>
<mule xmlns:xsi="http://www.w3.org/2001/XMLSchema-instance" xmlns:spring="http://www.springframework.org/schema/beans"
      xmlns:transports-test="http://www.mulesoft.org/schema/mule/transports-test"
      xmlns="http://www.mulesoft.org/schema/mule/core"
      xsi:schemaLocation="
       http://www.springframework.org/schema/beans http://www.springframework.org/schema/beans/spring-beans-current.xsd
       http://www.mulesoft.org/schema/mule/transports-test http://www.mulesoft.org/schema/mule/transports-test/current/mule-transports-test.xsd
       http://www.mulesoft.org/schema/mule/core http://www.mulesoft.org/schema/mule/core/current/mule.xsd">

    <spring:bean name="exceptionBean" class="java.io.IOException"/>

    <spring:bean name="factory"
                 class="org.mule.test.tck.MuleTestNamespaceTestCase$StubDispatcherPoolFactory"/>

    <transports-test:connector name="testConnectorWithDefaultFactory"/>

    <transports-test:connector name="testConnectorWithOverriddenFactory"
                               dispatcherPoolFactory-ref="factory"/>

</mule>
